2024-03-04 15:31:14,730 ERROR [http-nio-8080-exec-10] c.v.c.c.a.ExceptionAdvice [ExceptionAdvice.java:25] 服务器异常：Failed to convert value of type 'java.lang.String' to required type 'int'; For input string: "my-post.html"
2024-03-04 15:31:14,733 ERROR [http-nio-8080-exec-10] c.v.c.c.a.ExceptionAdvice [ExceptionAdvice.java:27] org.springframework.web.method.annotation.AbstractNamedValueMethodArgumentResolver.resolveArgument(AbstractNamedValueMethodArgumentResolver.java:133)
2024-03-04 15:31:14,733 ERROR [http-nio-8080-exec-10] c.v.c.c.a.ExceptionAdvice [ExceptionAdvice.java:27] org.springframework.web.method.support.HandlerMethodArgumentResolverComposite.resolveArgument(HandlerMethodArgumentResolverComposite.java:122)
2024-03-04 15:31:14,733 ERROR [http-nio-8080-exec-10] c.v.c.c.a.ExceptionAdvice [ExceptionAdvice.java:27] org.springframework.web.method.support.InvocableHandlerMethod.getMethodArgumentValues(InvocableHandlerMethod.java:181)
2024-03-04 15:31:14,733 ERROR [http-nio-8080-exec-10] c.v.c.c.a.ExceptionAdvice [ExceptionAdvice.java:27] org.springframework.web.method.support.InvocableHandlerMethod.invokeForRequest(InvocableHandlerMethod.java:148)
2024-03-04 15:31:14,733 ERROR [http-nio-8080-exec-10] c.v.c.c.a.ExceptionAdvice [ExceptionAdvice.java:27] org.springframework.web.servlet.mvc.method.annotation.ServletInvocableHandlerMethod.invokeAndHandle(ServletInvocableHandlerMethod.java:118)
2024-03-04 15:31:14,733 ERROR [http-nio-8080-exec-10] c.v.c.c.a.ExceptionAdvice [ExceptionAdvice.java:27] org.springframework.web.servlet.mvc.method.annotation.RequestMappingHandlerAdapter.invokeHandlerMethod(RequestMappingHandlerAdapter.java:884)
2024-03-04 15:31:14,733 ERROR [http-nio-8080-exec-10] c.v.c.c.a.ExceptionAdvice [ExceptionAdvice.java:27] org.springframework.web.servlet.mvc.method.annotation.RequestMappingHandlerAdapter.handleInternal(RequestMappingHandlerAdapter.java:797)
2024-03-04 15:31:14,734 ERROR [http-nio-8080-exec-10] c.v.c.c.a.ExceptionAdvice [ExceptionAdvice.java:27] org.springframework.web.servlet.mvc.method.AbstractHandlerMethodAdapter.handle(AbstractHandlerMethodAdapter.java:87)
2024-03-04 15:31:14,734 ERROR [http-nio-8080-exec-10] c.v.c.c.a.ExceptionAdvice [ExceptionAdvice.java:27] org.springframework.web.servlet.DispatcherServlet.doDispatch(DispatcherServlet.java:1081)
2024-03-04 15:31:14,734 ERROR [http-nio-8080-exec-10] c.v.c.c.a.ExceptionAdvice [ExceptionAdvice.java:27] org.springframework.web.servlet.DispatcherServlet.doService(DispatcherServlet.java:974)
2024-03-04 15:31:14,734 ERROR [http-nio-8080-exec-10] c.v.c.c.a.ExceptionAdvice [ExceptionAdvice.java:27] org.springframework.web.servlet.FrameworkServlet.processRequest(FrameworkServlet.java:1011)
2024-03-04 15:31:14,734 ERROR [http-nio-8080-exec-10] c.v.c.c.a.ExceptionAdvice [ExceptionAdvice.java:27] org.springframework.web.servlet.FrameworkServlet.doGet(FrameworkServlet.java:903)
2024-03-04 15:31:14,734 ERROR [http-nio-8080-exec-10] c.v.c.c.a.ExceptionAdvice [ExceptionAdvice.java:27] jakarta.servlet.http.HttpServlet.service(HttpServlet.java:537)
2024-03-04 15:31:14,734 ERROR [http-nio-8080-exec-10] c.v.c.c.a.ExceptionAdvice [ExceptionAdvice.java:27] org.springframework.web.servlet.FrameworkServlet.service(FrameworkServlet.java:885)
2024-03-04 15:31:14,734 ERROR [http-nio-8080-exec-10] c.v.c.c.a.ExceptionAdvice [ExceptionAdvice.java:27] jakarta.servlet.http.HttpServlet.service(HttpServlet.java:631)
2024-03-04 15:31:14,734 ERROR [http-nio-8080-exec-10] c.v.c.c.a.ExceptionAdvice [ExceptionAdvice.java:27] org.apache.catalina.core.ApplicationFilterChain.internalDoFilter(ApplicationFilterChain.java:205)
2024-03-04 15:31:14,734 ERROR [http-nio-8080-exec-10] c.v.c.c.a.ExceptionAdvice [ExceptionAdvice.java:27] org.apache.catalina.core.ApplicationFilterChain.doFilter(ApplicationFilterChain.java:149)
2024-03-04 15:31:14,734 ERROR [http-nio-8080-exec-10] c.v.c.c.a.ExceptionAdvice [ExceptionAdvice.java:27] org.apache.tomcat.websocket.server.WsFilter.doFilter(WsFilter.java:53)
2024-03-04 15:31:14,734 ERROR [http-nio-8080-exec-10] c.v.c.c.a.ExceptionAdvice [ExceptionAdvice.java:27] org.apache.catalina.core.ApplicationFilterChain.internalDoFilter(ApplicationFilterChain.java:174)
2024-03-04 15:31:14,734 ERROR [http-nio-8080-exec-10] c.v.c.c.a.ExceptionAdvice [ExceptionAdvice.java:27] org.apache.catalina.core.ApplicationFilterChain.doFilter(ApplicationFilterChain.java:149)
2024-03-04 15:31:14,734 ERROR [http-nio-8080-exec-10] c.v.c.c.a.ExceptionAdvice [ExceptionAdvice.java:27] org.springframework.security.web.FilterChainProxy.lambda$doFilterInternal$3(FilterChainProxy.java:231)
2024-03-04 15:31:14,734 ERROR [http-nio-8080-exec-10] c.v.c.c.a.ExceptionAdvice [ExceptionAdvice.java:27] org.springframework.security.web.ObservationFilterChainDecorator$FilterObservation$SimpleFilterObservation.lambda$wrap$1(ObservationFilterChainDecorator.java:399)
2024-03-04 15:31:14,734 ERROR [http-nio-8080-exec-10] c.v.c.c.a.ExceptionAdvice [ExceptionAdvice.java:27] org.springframework.security.web.ObservationFilterChainDecorator$AroundFilterObservation$SimpleAroundFilterObservation.lambda$wrap$1(ObservationFilterChainDecorator.java:297)
2024-03-04 15:31:14,734 ERROR [http-nio-8080-exec-10] c.v.c.c.a.ExceptionAdvice [ExceptionAdvice.java:27] org.springframework.security.web.ObservationFilterChainDecorator.lambda$wrapSecured$0(ObservationFilterChainDecorator.java:79)
2024-03-04 15:31:14,734 ERROR [http-nio-8080-exec-10] c.v.c.c.a.ExceptionAdvice [ExceptionAdvice.java:27] org.springframework.security.web.ObservationFilterChainDecorator$VirtualFilterChain.doFilter(ObservationFilterChainDecorator.java:125)
2024-03-04 15:31:14,735 ERROR [http-nio-8080-exec-10] c.v.c.c.a.ExceptionAdvice [ExceptionAdvice.java:27] org.springframework.security.web.access.intercept.AuthorizationFilter.doFilter(AuthorizationFilter.java:100)
2024-03-04 15:31:14,735 ERROR [http-nio-8080-exec-10] c.v.c.c.a.ExceptionAdvice [ExceptionAdvice.java:27] org.springframework.security.web.ObservationFilterChainDecorator$ObservationFilter.wrapFilter(ObservationFilterChainDecorator.java:186)
2024-03-04 15:31:14,735 ERROR [http-nio-8080-exec-10] c.v.c.c.a.ExceptionAdvice [ExceptionAdvice.java:27] org.springframework.security.web.ObservationFilterChainDecorator$ObservationFilter.doFilter(ObservationFilterChainDecorator.java:173)
2024-03-04 15:31:14,735 ERROR [http-nio-8080-exec-10] c.v.c.c.a.ExceptionAdvice [ExceptionAdvice.java:27] org.springframework.security.web.ObservationFilterChainDecorator$VirtualFilterChain.doFilter(ObservationFilterChainDecorator.java:134)
2024-03-04 15:31:14,735 ERROR [http-nio-8080-exec-10] c.v.c.c.a.ExceptionAdvice [ExceptionAdvice.java:27] org.springframework.security.web.access.ExceptionTranslationFilter.doFilter(ExceptionTranslationFilter.java:126)
2024-03-04 15:31:14,735 ERROR [http-nio-8080-exec-10] c.v.c.c.a.ExceptionAdvice [ExceptionAdvice.java:27] org.springframework.security.web.access.ExceptionTranslationFilter.doFilter(ExceptionTranslationFilter.java:120)
2024-03-04 15:31:14,735 ERROR [http-nio-8080-exec-10] c.v.c.c.a.ExceptionAdvice [ExceptionAdvice.java:27] org.springframework.security.web.ObservationFilterChainDecorator$ObservationFilter.wrapFilter(ObservationFilterChainDecorator.java:186)
2024-03-04 15:31:14,735 ERROR [http-nio-8080-exec-10] c.v.c.c.a.ExceptionAdvice [ExceptionAdvice.java:27] org.springframework.security.web.ObservationFilterChainDecorator$ObservationFilter.doFilter(ObservationFilterChainDecorator.java:173)
2024-03-04 15:31:14,735 ERROR [http-nio-8080-exec-10] c.v.c.c.a.ExceptionAdvice [ExceptionAdvice.java:27] org.springframework.security.web.ObservationFilterChainDecorator$VirtualFilterChain.doFilter(ObservationFilterChainDecorator.java:134)
2024-03-04 15:31:14,736 ERROR [http-nio-8080-exec-10] c.v.c.c.a.ExceptionAdvice [ExceptionAdvice.java:27] org.springframework.security.web.authentication.AnonymousAuthenticationFilter.doFilter(AnonymousAuthenticationFilter.java:100)
2024-03-04 15:31:14,736 ERROR [http-nio-8080-exec-10] c.v.c.c.a.ExceptionAdvice [ExceptionAdvice.java:27] org.springframework.security.web.ObservationFilterChainDecorator$ObservationFilter.wrapFilter(ObservationFilterChainDecorator.java:186)
2024-03-04 15:31:14,736 ERROR [http-nio-8080-exec-10] c.v.c.c.a.ExceptionAdvice [ExceptionAdvice.java:27] org.springframework.security.web.ObservationFilterChainDecorator$ObservationFilter.doFilter(ObservationFilterChainDecorator.java:173)
2024-03-04 15:31:14,736 ERROR [http-nio-8080-exec-10] c.v.c.c.a.ExceptionAdvice [ExceptionAdvice.java:27] org.springframework.security.web.ObservationFilterChainDecorator$VirtualFilterChain.doFilter(ObservationFilterChainDecorator.java:134)
2024-03-04 15:31:14,736 ERROR [http-nio-8080-exec-10] c.v.c.c.a.ExceptionAdvice [ExceptionAdvice.java:27] org.springframework.security.web.servletapi.SecurityContextHolderAwareRequestFilter.doFilter(SecurityContextHolderAwareRequestFilter.java:179)
2024-03-04 15:31:14,736 ERROR [http-nio-8080-exec-10] c.v.c.c.a.ExceptionAdvice [ExceptionAdvice.java:27] org.springframework.security.web.ObservationFilterChainDecorator$ObservationFilter.wrapFilter(ObservationFilterChainDecorator.java:186)
2024-03-04 15:31:14,736 ERROR [http-nio-8080-exec-10] c.v.c.c.a.ExceptionAdvice [ExceptionAdvice.java:27] org.springframework.security.web.ObservationFilterChainDecorator$ObservationFilter.doFilter(ObservationFilterChainDecorator.java:173)
2024-03-04 15:31:14,736 ERROR [http-nio-8080-exec-10] c.v.c.c.a.ExceptionAdvice [ExceptionAdvice.java:27] org.springframework.security.web.ObservationFilterChainDecorator$VirtualFilterChain.doFilter(ObservationFilterChainDecorator.java:134)
2024-03-04 15:31:14,736 ERROR [http-nio-8080-exec-10] c.v.c.c.a.ExceptionAdvice [ExceptionAdvice.java:27] org.springframework.security.web.savedrequest.RequestCacheAwareFilter.doFilter(RequestCacheAwareFilter.java:63)
2024-03-04 15:31:14,736 ERROR [http-nio-8080-exec-10] c.v.c.c.a.ExceptionAdvice [ExceptionAdvice.java:27] org.springframework.security.web.ObservationFilterChainDecorator$ObservationFilter.wrapFilter(ObservationFilterChainDecorator.java:186)
2024-03-04 15:31:14,736 ERROR [http-nio-8080-exec-10] c.v.c.c.a.ExceptionAdvice [ExceptionAdvice.java:27] org.springframework.security.web.ObservationFilterChainDecorator$ObservationFilter.doFilter(ObservationFilterChainDecorator.java:173)
2024-03-04 15:31:14,736 ERROR [http-nio-8080-exec-10] c.v.c.c.a.ExceptionAdvice [ExceptionAdvice.java:27] org.springframework.security.web.ObservationFilterChainDecorator$VirtualFilterChain.doFilter(ObservationFilterChainDecorator.java:134)
2024-03-04 15:31:14,736 ERROR [http-nio-8080-exec-10] c.v.c.c.a.ExceptionAdvice [ExceptionAdvice.java:27] org.springframework.security.web.authentication.AbstractAuthenticationProcessingFilter.doFilter(AbstractAuthenticationProcessingFilter.java:227)
2024-03-04 15:31:14,736 ERROR [http-nio-8080-exec-10] c.v.c.c.a.ExceptionAdvice [ExceptionAdvice.java:27] org.springframework.security.web.authentication.AbstractAuthenticationProcessingFilter.doFilter(AbstractAuthenticationProcessingFilter.java:221)
2024-03-04 15:31:14,736 ERROR [http-nio-8080-exec-10] c.v.c.c.a.ExceptionAdvice [ExceptionAdvice.java:27] org.springframework.security.web.ObservationFilterChainDecorator$ObservationFilter.wrapFilter(ObservationFilterChainDecorator.java:186)
2024-03-04 15:31:14,736 ERROR [http-nio-8080-exec-10] c.v.c.c.a.ExceptionAdvice [ExceptionAdvice.java:27] org.springframework.security.web.ObservationFilterChainDecorator$ObservationFilter.doFilter(ObservationFilterChainDecorator.java:173)
2024-03-04 15:31:14,736 ERROR [http-nio-8080-exec-10] c.v.c.c.a.ExceptionAdvice [ExceptionAdvice.java:27] org.springframework.security.web.ObservationFilterChainDecorator$VirtualFilterChain.doFilter(ObservationFilterChainDecorator.java:134)
2024-03-04 15:31:14,736 ERROR [http-nio-8080-exec-10] c.v.c.c.a.ExceptionAdvice [ExceptionAdvice.java:27] cf.vsing.community.config.SpringSecurityConfig$JwtAuthFilter.doFilterInternal(SpringSecurityConfig.java:144)
2024-03-04 15:31:14,737 ERROR [http-nio-8080-exec-10] c.v.c.c.a.ExceptionAdvice [ExceptionAdvice.java:27] org.springframework.web.filter.OncePerRequestFilter.doFilter(OncePerRequestFilter.java:116)
2024-03-04 15:31:14,737 ERROR [http-nio-8080-exec-10] c.v.c.c.a.ExceptionAdvice [ExceptionAdvice.java:27] org.springframework.security.web.ObservationFilterChainDecorator$ObservationFilter.wrapFilter(ObservationFilterChainDecorator.java:186)
2024-03-04 15:31:14,737 ERROR [http-nio-8080-exec-10] c.v.c.c.a.ExceptionAdvice [ExceptionAdvice.java:27] org.springframework.security.web.ObservationFilterChainDecorator$ObservationFilter.doFilter(ObservationFilterChainDecorator.java:173)
2024-03-04 15:31:14,737 ERROR [http-nio-8080-exec-10] c.v.c.c.a.ExceptionAdvice [ExceptionAdvice.java:27] org.springframework.security.web.ObservationFilterChainDecorator$VirtualFilterChain.doFilter(ObservationFilterChainDecorator.java:134)
2024-03-04 15:31:14,737 ERROR [http-nio-8080-exec-10] c.v.c.c.a.ExceptionAdvice [ExceptionAdvice.java:27] org.springframework.security.web.authentication.logout.LogoutFilter.doFilter(LogoutFilter.java:107)
2024-03-04 15:31:14,737 ERROR [http-nio-8080-exec-10] c.v.c.c.a.ExceptionAdvice [ExceptionAdvice.java:27] org.springframework.security.web.authentication.logout.LogoutFilter.doFilter(LogoutFilter.java:93)
2024-03-04 15:31:14,737 ERROR [http-nio-8080-exec-10] c.v.c.c.a.ExceptionAdvice [ExceptionAdvice.java:27] org.springframework.security.web.ObservationFilterChainDecorator$ObservationFilter.wrapFilter(ObservationFilterChainDecorator.java:186)
2024-03-04 15:31:14,737 ERROR [http-nio-8080-exec-10] c.v.c.c.a.ExceptionAdvice [ExceptionAdvice.java:27] org.springframework.security.web.ObservationFilterChainDecorator$ObservationFilter.doFilter(ObservationFilterChainDecorator.java:173)
2024-03-04 15:31:14,737 ERROR [http-nio-8080-exec-10] c.v.c.c.a.ExceptionAdvice [ExceptionAdvice.java:27] org.springframework.security.web.ObservationFilterChainDecorator$VirtualFilterChain.doFilter(ObservationFilterChainDecorator.java:134)
2024-03-04 15:31:14,737 ERROR [http-nio-8080-exec-10] c.v.c.c.a.ExceptionAdvice [ExceptionAdvice.java:27] org.springframework.security.web.header.HeaderWriterFilter.doHeadersAfter(HeaderWriterFilter.java:90)
2024-03-04 15:31:14,737 ERROR [http-nio-8080-exec-10] c.v.c.c.a.ExceptionAdvice [ExceptionAdvice.java:27] org.springframework.security.web.header.HeaderWriterFilter.doFilterInternal(HeaderWriterFilter.java:75)
2024-03-04 15:31:14,738 ERROR [http-nio-8080-exec-10] c.v.c.c.a.ExceptionAdvice [ExceptionAdvice.java:27] org.springframework.web.filter.OncePerRequestFilter.doFilter(OncePerRequestFilter.java:116)
2024-03-04 15:31:14,738 ERROR [http-nio-8080-exec-10] c.v.c.c.a.ExceptionAdvice [ExceptionAdvice.java:27] org.springframework.security.web.ObservationFilterChainDecorator$ObservationFilter.wrapFilter(ObservationFilterChainDecorator.java:186)
2024-03-04 15:31:14,738 ERROR [http-nio-8080-exec-10] c.v.c.c.a.ExceptionAdvice [ExceptionAdvice.java:27] org.springframework.security.web.ObservationFilterChainDecorator$ObservationFilter.doFilter(ObservationFilterChainDecorator.java:173)
2024-03-04 15:31:14,738 ERROR [http-nio-8080-exec-10] c.v.c.c.a.ExceptionAdvice [ExceptionAdvice.java:27] org.springframework.security.web.ObservationFilterChainDecorator$VirtualFilterChain.doFilter(ObservationFilterChainDecorator.java:134)
2024-03-04 15:31:14,738 ERROR [http-nio-8080-exec-10] c.v.c.c.a.ExceptionAdvice [ExceptionAdvice.java:27] org.springframework.security.web.context.SecurityContextHolderFilter.doFilter(SecurityContextHolderFilter.java:82)
2024-03-04 15:31:14,738 ERROR [http-nio-8080-exec-10] c.v.c.c.a.ExceptionAdvice [ExceptionAdvice.java:27] org.springframework.security.web.context.SecurityContextHolderFilter.doFilter(SecurityContextHolderFilter.java:69)
2024-03-04 15:31:14,738 ERROR [http-nio-8080-exec-10] c.v.c.c.a.ExceptionAdvice [ExceptionAdvice.java:27] org.springframework.security.web.ObservationFilterChainDecorator$ObservationFilter.wrapFilter(ObservationFilterChainDecorator.java:186)
2024-03-04 15:31:14,738 ERROR [http-nio-8080-exec-10] c.v.c.c.a.ExceptionAdvice [ExceptionAdvice.java:27] org.springframework.security.web.ObservationFilterChainDecorator$ObservationFilter.doFilter(ObservationFilterChainDecorator.java:173)
2024-03-04 15:31:14,738 ERROR [http-nio-8080-exec-10] c.v.c.c.a.ExceptionAdvice [ExceptionAdvice.java:27] org.springframework.security.web.ObservationFilterChainDecorator$VirtualFilterChain.doFilter(ObservationFilterChainDecorator.java:134)
2024-03-04 15:31:14,738 ERROR [http-nio-8080-exec-10] c.v.c.c.a.ExceptionAdvice [ExceptionAdvice.java:27] org.springframework.security.web.context.request.async.WebAsyncManagerIntegrationFilter.doFilterInternal(WebAsyncManagerIntegrationFilter.java:62)
2024-03-04 15:31:14,738 ERROR [http-nio-8080-exec-10] c.v.c.c.a.ExceptionAdvice [ExceptionAdvice.java:27] org.springframework.web.filter.OncePerRequestFilter.doFilter(OncePerRequestFilter.java:116)
2024-03-04 15:31:14,738 ERROR [http-nio-8080-exec-10] c.v.c.c.a.ExceptionAdvice [ExceptionAdvice.java:27] org.springframework.security.web.ObservationFilterChainDecorator$ObservationFilter.wrapFilter(ObservationFilterChainDecorator.java:186)
2024-03-04 15:31:14,738 ERROR [http-nio-8080-exec-10] c.v.c.c.a.ExceptionAdvice [ExceptionAdvice.java:27] org.springframework.security.web.ObservationFilterChainDecorator$ObservationFilter.doFilter(ObservationFilterChainDecorator.java:173)
2024-03-04 15:31:14,738 ERROR [http-nio-8080-exec-10] c.v.c.c.a.ExceptionAdvice [ExceptionAdvice.java:27] org.springframework.security.web.ObservationFilterChainDecorator$VirtualFilterChain.doFilter(ObservationFilterChainDecorator.java:134)
2024-03-04 15:31:14,738 ERROR [http-nio-8080-exec-10] c.v.c.c.a.ExceptionAdvice [ExceptionAdvice.java:27] org.springframework.security.web.session.DisableEncodeUrlFilter.doFilterInternal(DisableEncodeUrlFilter.java:42)
2024-03-04 15:31:14,738 ERROR [http-nio-8080-exec-10] c.v.c.c.a.ExceptionAdvice [ExceptionAdvice.java:27] org.springframework.web.filter.OncePerRequestFilter.doFilter(OncePerRequestFilter.java:116)
2024-03-04 15:31:14,739 ERROR [http-nio-8080-exec-10] c.v.c.c.a.ExceptionAdvice [ExceptionAdvice.java:27] org.springframework.security.web.ObservationFilterChainDecorator$ObservationFilter.wrapFilter(ObservationFilterChainDecorator.java:186)
2024-03-04 15:31:14,739 ERROR [http-nio-8080-exec-10] c.v.c.c.a.ExceptionAdvice [ExceptionAdvice.java:27] org.springframework.security.web.ObservationFilterChainDecorator$AroundFilterObservation$SimpleAroundFilterObservation.lambda$wrap$0(ObservationFilterChainDecorator.java:280)
2024-03-04 15:31:14,739 ERROR [http-nio-8080-exec-10] c.v.c.c.a.ExceptionAdvice [ExceptionAdvice.java:27] org.springframework.security.web.ObservationFilterChainDecorator$ObservationFilter.doFilter(ObservationFilterChainDecorator.java:170)
2024-03-04 15:31:14,739 ERROR [http-nio-8080-exec-10] c.v.c.c.a.ExceptionAdvice [ExceptionAdvice.java:27] org.springframework.security.web.ObservationFilterChainDecorator$VirtualFilterChain.doFilter(ObservationFilterChainDecorator.java:134)
2024-03-04 15:31:14,739 ERROR [http-nio-8080-exec-10] c.v.c.c.a.ExceptionAdvice [ExceptionAdvice.java:27] org.springframework.security.web.FilterChainProxy.doFilterInternal(FilterChainProxy.java:233)
2024-03-04 15:31:14,739 ERROR [http-nio-8080-exec-10] c.v.c.c.a.ExceptionAdvice [ExceptionAdvice.java:27] org.springframework.security.web.FilterChainProxy.doFilter(FilterChainProxy.java:191)
2024-03-04 15:31:14,739 ERROR [http-nio-8080-exec-10] c.v.c.c.a.ExceptionAdvice [ExceptionAdvice.java:27] org.springframework.web.filter.DelegatingFilterProxy.invokeDelegate(DelegatingFilterProxy.java:352)
2024-03-04 15:31:14,739 ERROR [http-nio-8080-exec-10] c.v.c.c.a.ExceptionAdvice [ExceptionAdvice.java:27] org.springframework.web.filter.DelegatingFilterProxy.doFilter(DelegatingFilterProxy.java:268)
2024-03-04 15:31:14,739 ERROR [http-nio-8080-exec-10] c.v.c.c.a.ExceptionAdvice [ExceptionAdvice.java:27] org.apache.catalina.core.ApplicationFilterChain.internalDoFilter(ApplicationFilterChain.java:174)
2024-03-04 15:31:14,739 ERROR [http-nio-8080-exec-10] c.v.c.c.a.ExceptionAdvice [ExceptionAdvice.java:27] org.apache.catalina.core.ApplicationFilterChain.doFilter(ApplicationFilterChain.java:149)
2024-03-04 15:31:14,739 ERROR [http-nio-8080-exec-10] c.v.c.c.a.ExceptionAdvice [ExceptionAdvice.java:27] org.springframework.web.filter.RequestContextFilter.doFilterInternal(RequestContextFilter.java:100)
2024-03-04 15:31:14,739 ERROR [http-nio-8080-exec-10] c.v.c.c.a.ExceptionAdvice [ExceptionAdvice.java:27] org.springframework.web.filter.OncePerRequestFilter.doFilter(OncePerRequestFilter.java:116)
2024-03-04 15:31:14,739 ERROR [http-nio-8080-exec-10] c.v.c.c.a.ExceptionAdvice [ExceptionAdvice.java:27] org.apache.catalina.core.ApplicationFilterChain.internalDoFilter(ApplicationFilterChain.java:174)
2024-03-04 15:31:14,739 ERROR [http-nio-8080-exec-10] c.v.c.c.a.ExceptionAdvice [ExceptionAdvice.java:27] org.apache.catalina.core.ApplicationFilterChain.doFilter(ApplicationFilterChain.java:149)
2024-03-04 15:31:14,739 ERROR [http-nio-8080-exec-10] c.v.c.c.a.ExceptionAdvice [ExceptionAdvice.java:27] org.springframework.web.filter.FormContentFilter.doFilterInternal(FormContentFilter.java:93)
2024-03-04 15:31:14,739 ERROR [http-nio-8080-exec-10] c.v.c.c.a.ExceptionAdvice [ExceptionAdvice.java:27] org.springframework.web.filter.OncePerRequestFilter.doFilter(OncePerRequestFilter.java:116)
2024-03-04 15:31:14,739 ERROR [http-nio-8080-exec-10] c.v.c.c.a.ExceptionAdvice [ExceptionAdvice.java:27] org.apache.catalina.core.ApplicationFilterChain.internalDoFilter(ApplicationFilterChain.java:174)
2024-03-04 15:31:14,739 ERROR [http-nio-8080-exec-10] c.v.c.c.a.ExceptionAdvice [ExceptionAdvice.java:27] org.apache.catalina.core.ApplicationFilterChain.doFilter(ApplicationFilterChain.java:149)
2024-03-04 15:31:14,739 ERROR [http-nio-8080-exec-10] c.v.c.c.a.ExceptionAdvice [ExceptionAdvice.java:27] org.springframework.web.filter.ServerHttpObservationFilter.doFilterInternal(ServerHttpObservationFilter.java:109)
2024-03-04 15:31:14,740 ERROR [http-nio-8080-exec-10] c.v.c.c.a.ExceptionAdvice [ExceptionAdvice.java:27] org.springframework.web.filter.OncePerRequestFilter.doFilter(OncePerRequestFilter.java:116)
2024-03-04 15:31:14,740 ERROR [http-nio-8080-exec-10] c.v.c.c.a.ExceptionAdvice [ExceptionAdvice.java:27] org.apache.catalina.core.ApplicationFilterChain.internalDoFilter(ApplicationFilterChain.java:174)
2024-03-04 15:31:14,740 ERROR [http-nio-8080-exec-10] c.v.c.c.a.ExceptionAdvice [ExceptionAdvice.java:27] org.apache.catalina.core.ApplicationFilterChain.doFilter(ApplicationFilterChain.java:149)
2024-03-04 15:31:14,740 ERROR [http-nio-8080-exec-10] c.v.c.c.a.ExceptionAdvice [ExceptionAdvice.java:27] org.springframework.web.filter.CharacterEncodingFilter.doFilterInternal(CharacterEncodingFilter.java:201)
2024-03-04 15:31:14,740 ERROR [http-nio-8080-exec-10] c.v.c.c.a.ExceptionAdvice [ExceptionAdvice.java:27] org.springframework.web.filter.OncePerRequestFilter.doFilter(OncePerRequestFilter.java:116)
2024-03-04 15:31:14,740 ERROR [http-nio-8080-exec-10] c.v.c.c.a.ExceptionAdvice [ExceptionAdvice.java:27] org.apache.catalina.core.ApplicationFilterChain.internalDoFilter(ApplicationFilterChain.java:174)
2024-03-04 15:31:14,740 ERROR [http-nio-8080-exec-10] c.v.c.c.a.ExceptionAdvice [ExceptionAdvice.java:27] org.apache.catalina.core.ApplicationFilterChain.doFilter(ApplicationFilterChain.java:149)
2024-03-04 15:31:14,740 ERROR [http-nio-8080-exec-10] c.v.c.c.a.ExceptionAdvice [ExceptionAdvice.java:27] org.apache.catalina.core.StandardWrapperValve.invoke(StandardWrapperValve.java:166)
2024-03-04 15:31:14,741 ERROR [http-nio-8080-exec-10] c.v.c.c.a.ExceptionAdvice [ExceptionAdvice.java:27] org.apache.catalina.core.StandardContextValve.invoke(StandardContextValve.java:90)
2024-03-04 15:31:14,741 ERROR [http-nio-8080-exec-10] c.v.c.c.a.ExceptionAdvice [ExceptionAdvice.java:27] org.apache.catalina.authenticator.AuthenticatorBase.invoke(AuthenticatorBase.java:493)
2024-03-04 15:31:14,741 ERROR [http-nio-8080-exec-10] c.v.c.c.a.ExceptionAdvice [ExceptionAdvice.java:27] org.apache.catalina.core.StandardHostValve.invoke(StandardHostValve.java:115)
2024-03-04 15:31:14,741 ERROR [http-nio-8080-exec-10] c.v.c.c.a.ExceptionAdvice [ExceptionAdvice.java:27] org.apache.catalina.valves.ErrorReportValve.invoke(ErrorReportValve.java:93)
2024-03-04 15:31:14,741 ERROR [http-nio-8080-exec-10] c.v.c.c.a.ExceptionAdvice [ExceptionAdvice.java:27] org.apache.catalina.core.StandardEngineValve.invoke(StandardEngineValve.java:74)
2024-03-04 15:31:14,741 ERROR [http-nio-8080-exec-10] c.v.c.c.a.ExceptionAdvice [ExceptionAdvice.java:27] org.apache.catalina.connector.CoyoteAdapter.service(CoyoteAdapter.java:341)
2024-03-04 15:31:14,741 ERROR [http-nio-8080-exec-10] c.v.c.c.a.ExceptionAdvice [ExceptionAdvice.java:27] org.apache.coyote.http11.Http11Processor.service(Http11Processor.java:390)
2024-03-04 15:31:14,741 ERROR [http-nio-8080-exec-10] c.v.c.c.a.ExceptionAdvice [ExceptionAdvice.java:27] org.apache.coyote.AbstractProcessorLight.process(AbstractProcessorLight.java:63)
2024-03-04 15:31:14,741 ERROR [http-nio-8080-exec-10] c.v.c.c.a.ExceptionAdvice [ExceptionAdvice.java:27] org.apache.coyote.AbstractProtocol$ConnectionHandler.process(AbstractProtocol.java:894)
2024-03-04 15:31:14,741 ERROR [http-nio-8080-exec-10] c.v.c.c.a.ExceptionAdvice [ExceptionAdvice.java:27] org.apache.tomcat.util.net.NioEndpoint$SocketProcessor.doRun(NioEndpoint.java:1741)
2024-03-04 15:31:14,741 ERROR [http-nio-8080-exec-10] c.v.c.c.a.ExceptionAdvice [ExceptionAdvice.java:27] org.apache.tomcat.util.net.SocketProcessorBase.run(SocketProcessorBase.java:52)
2024-03-04 15:31:14,742 ERROR [http-nio-8080-exec-10] c.v.c.c.a.ExceptionAdvice [ExceptionAdvice.java:27] org.apache.tomcat.util.threads.ThreadPoolExecutor.runWorker(ThreadPoolExecutor.java:1191)
2024-03-04 15:31:14,742 ERROR [http-nio-8080-exec-10] c.v.c.c.a.ExceptionAdvice [ExceptionAdvice.java:27] org.apache.tomcat.util.threads.ThreadPoolExecutor$Worker.run(ThreadPoolExecutor.java:659)
2024-03-04 15:31:14,742 ERROR [http-nio-8080-exec-10] c.v.c.c.a.ExceptionAdvice [ExceptionAdvice.java:27] org.apache.tomcat.util.threads.TaskThread$WrappingRunnable.run(TaskThread.java:61)
2024-03-04 15:31:14,742 ERROR [http-nio-8080-exec-10] c.v.c.c.a.ExceptionAdvice [ExceptionAdvice.java:27] java.base/java.lang.Thread.run(Thread.java:1589)
